<?xml version="1.0" encoding="UTF-8"?>
<!-- Generated by org.testng.reporters.JUnitXMLReporter -->
<testsuite hostname="LP-PC0MQFYK" ignored="0" name="Test" tests="4" failures="1" timestamp="24 Mar 2018 20:53:23 GMT" time="0.063" errors="0">
  <testcase name="m" time="0.011" classname="com.seleniumdemo.TestDemo"/>
  <testcase name="m1" time="0.0" classname="com.seleniumdemo.TestDemo"/>
  <testcase name="m" time="0.001" classname="demo.demo">
    <failure type="java.lang.AssertionError" message="expected [Google Company] but found [Google Company1]">
      <![CDATA[java.lang.AssertionError: expected [Google Company] but found [Google Company1]
	at demo.demo.m(demo.java:14)
... Removed 35 stack frames]]>
    </failure>
  </testcase> <!-- m -->
  <testcase name="m1" time="0.001" classname="demo.demo"/>
</testsuite> <!-- Test -->
