-------------------------------------------------------------------------------
Test set: TestSuite
-------------------------------------------------------------------------------
Tests run: 4, Failures: 1, Errors: 0, Skipped: 0, Time elapsed: 3.252 s <<< FAILURE! - in TestSuite
m(demo.demo)  Time elapsed: 0.019 s  <<< FAILURE!
java.lang.AssertionError: expected [Google Company] but found [Google Company1]
	at demo.demo.m(demo.java:14)

