<?xml version="1.0" encoding="UTF-8"?>
<testng-results skipped="0" failed="0" ignored="0" total="1" passed="1">
  <reporter-output>
  </reporter-output>
  <suite name="Default suite" duration-ms="36579" started-at="2018-04-01T11:10:29Z" finished-at="2018-04-01T11:11:05Z">
    <groups>
    </groups>
    <test name="Default test" duration-ms="36579" started-at="2018-04-01T11:10:29Z" finished-at="2018-04-01T11:11:05Z">
      <class name="SeleniumGrid.Grid_Practice_01_April_2018">
        <test-method status="PASS" signature="grid()[pri:0, instance:SeleniumGrid.Grid_Practice_01_April_2018@66a3ffec]" name="grid" duration-ms="36549" started-at="2018-04-01T16:40:29Z" finished-at="2018-04-01T16:41:05Z">
          <reporter-output>
          </reporter-output>
        </test-method> <!-- grid -->
      </class> <!-- SeleniumGrid.Grid_Practice_01_April_2018 -->
    </test> <!-- Default test -->
  </suite> <!-- Default suite -->
</testng-results>
